d:\alpha\a1\alpha\project\alphaqtdemo\code\jsondemo\x64\release\jsondemo02widget.obj
d:\alpha\a1\alpha\project\alphaqtdemo\code\jsondemo\x64\release\qrc_jsondemowidget.obj
d:\alpha\a1\alpha\project\alphaqtdemo\code\jsondemo\x64\release\jsondemowidget.obj
d:\alpha\a1\alpha\project\alphaqtdemo\code\jsondemo\x64\release\moc_jsondemo01widget.obj
d:\alpha\a1\alpha\project\alphaqtdemo\code\jsondemo\x64\release\main.obj
d:\alpha\a1\alpha\project\alphaqtdemo\code\jsondemo\x64\release\moc_jsondemo02widget.obj
d:\alpha\a1\alpha\project\alphaqtdemo\code\jsondemo\x64\release\jsondemo01widget.obj
d:\alpha\a1\alpha\project\alphaqtdemo\code\jsondemo\x64\release\moc_jsondemowidget.obj
d:\alpha\a1\alpha\project\alphaqtdemo\code\jsondemo\x64\release\uic\ui_jsondemo01widget.h
d:\alpha\a1\alpha\project\alphaqtdemo\code\jsondemo\x64\release\uic\ui_jsondemo02widget.h
d:\alpha\a1\alpha\project\alphaqtdemo\code\jsondemo\x64\release\uic\ui_jsondemowidget.h
d:\alpha\a1\alpha\project\alphaqtdemo\code\jsondemo\x64\release\rcc\qrc_jsondemowidget.cpp
d:\alpha\a1\alpha\project\alphaqtdemo\code\jsondemo\x64\release\moc\moc_jsondemowidget.cpp
d:\alpha\a1\alpha\project\alphaqtdemo\code\jsondemo\x64\release\moc\moc_jsondemo01widget.cpp
d:\alpha\a1\alpha\project\alphaqtdemo\code\jsondemo\x64\release\moc\moc_jsondemo02widget.cpp
d:\alpha\a1\alpha\project\alphaqtdemo\x64\release\jsondemo.exe
d:\alpha\a1\alpha\project\alphaqtdemo\code\jsondemo\x64\release\\moc\moc_jsondemowidget.cpp
d:\alpha\a1\alpha\project\alphaqtdemo\code\jsondemo\x64\release\\moc\moc_jsondemo01widget.cpp
d:\alpha\a1\alpha\project\alphaqtdemo\code\jsondemo\x64\release\\moc\moc_jsondemo02widget.cpp
d:\alpha\a1\alpha\project\alphaqtdemo\code\jsondemo\x64\release\\rcc\qrc_jsondemowidget.cpp
d:\alpha\a1\alpha\project\alphaqtdemo\code\jsondemo\x64\release\\uic\ui_jsondemo01widget.h
d:\alpha\a1\alpha\project\alphaqtdemo\code\jsondemo\x64\release\\uic\ui_jsondemo02widget.h
d:\alpha\a1\alpha\project\alphaqtdemo\code\jsondemo\x64\release\\uic\ui_jsondemowidget.h
d:\alpha\a1\alpha\project\alphaqtdemo\code\jsondemo\x64\release\jsondemo.tlog\cl.command.1.tlog
d:\alpha\a1\alpha\project\alphaqtdemo\code\jsondemo\x64\release\jsondemo.tlog\cl.read.1.tlog
d:\alpha\a1\alpha\project\alphaqtdemo\code\jsondemo\x64\release\jsondemo.tlog\cl.write.1.tlog
d:\alpha\a1\alpha\project\alphaqtdemo\code\jsondemo\x64\release\jsondemo.tlog\jsondemo.write.1u.tlog
d:\alpha\a1\alpha\project\alphaqtdemo\code\jsondemo\x64\release\jsondemo.tlog\link.command.1.tlog
d:\alpha\a1\alpha\project\alphaqtdemo\code\jsondemo\x64\release\jsondemo.tlog\link.read.1.tlog
d:\alpha\a1\alpha\project\alphaqtdemo\code\jsondemo\x64\release\jsondemo.tlog\link.write.1.tlog
d:\alpha\a1\alpha\project\alphaqtdemo\code\jsondemo\x64\release\jsondemo.tlog\moc.read.1u.tlog
d:\alpha\a1\alpha\project\alphaqtdemo\code\jsondemo\x64\release\jsondemo.tlog\moc.write.1u.tlog
d:\alpha\a1\alpha\project\alphaqtdemo\code\jsondemo\x64\release\jsondemo.tlog\rcc.read.1u.tlog
d:\alpha\a1\alpha\project\alphaqtdemo\code\jsondemo\x64\release\jsondemo.tlog\rcc.write.1u.tlog
d:\alpha\a1\alpha\project\alphaqtdemo\code\jsondemo\x64\release\jsondemo.tlog\uic.read.1u.tlog
d:\alpha\a1\alpha\project\alphaqtdemo\code\jsondemo\x64\release\jsondemo.tlog\uic.write.1u.tlog
