d:\alpha\a1\jt\project\透镜项目\code\qtdemoimagescale\ui\x64\debug\main.obj
d:\alpha\a1\jt\project\透镜项目\code\qtdemoimagescale\ui\x64\debug\qrc_mainwidget.obj
d:\alpha\a1\jt\project\透镜项目\code\qtdemoimagescale\ui\x64\debug\moc_mainwidget.obj
d:\alpha\a1\jt\project\透镜项目\code\qtdemoimagescale\ui\x64\debug\mainwidget.obj
d:\alpha\a1\jt\project\透镜项目\code\qtdemoimagescale\ui\x64\debug\moc_imagecoordinatecalculate.obj
d:\alpha\a1\jt\project\透镜项目\code\qtdemoimagescale\ui\x64\debug\imagecoordinatecalculate.obj
d:\alpha\a1\jt\project\透镜项目\code\qtdemoimagescale\ui\x64\debug\vc140.pdb
d:\alpha\a0\编程\qt\qtdemoimagescale\ui\x64\debug\mainwidget.obj
d:\alpha\a0\编程\qt\qtdemoimagescale\ui\x64\debug\main.obj
d:\alpha\a0\编程\qt\qtdemoimagescale\ui\x64\debug\imagecoordinatecalculate.obj
d:\alpha\a0\编程\qt\qtdemoimagescale\ui\x64\debug\vc140.pdb
d:\alpha\a0\编程\qt\qtdemoimagescale\ui\x64\debug\qrc_mainwidget.obj
d:\alpha\a0\编程\qt\qtdemoimagescale\ui\x64\debug\moc_mainwidget.obj
d:\alpha\a0\编程\qt\qtdemoimagescale\ui\x64\debug\moc_imagecoordinatecalculate.obj
d:\alpha\a1\jt\project\透镜项目\code\qtdemoimagescale\x64\debug\ui.ilk
d:\alpha\a1\jt\project\透镜项目\code\qtdemoimagescale\x64\debug\ui.exe
d:\alpha\a1\jt\project\透镜项目\code\qtdemoimagescale\x64\debug\ui.pdb
d:\alpha\a0\编程\qt\qtdemoimagescale\x64\debug\ui.ilk
d:\alpha\a0\编程\qt\qtdemoimagescale\x64\debug\ui.exe
d:\alpha\a0\编程\qt\qtdemoimagescale\x64\debug\ui.pdb
d:\alpha\a0\编程\qt\qtdemoimagescale\ui\.\generatedfiles\debug\moc_mainwidget.cpp
d:\alpha\a0\编程\qt\qtdemoimagescale\ui\.\generatedfiles\debug\moc_imagecoordinatecalculate.cpp
d:\alpha\a0\编程\qt\qtdemoimagescale\ui\.\generatedfiles\qrc_mainwidget.cpp
d:\alpha\a1\jt\project\透镜项目\code\qtdemoimagescale\ui\generatedfiles\ui_mainwidget.h
d:\alpha\a1\jt\project\透镜项目\code\qtdemoimagescale\ui\generatedfiles\qrc_mainwidget.cpp
d:\alpha\a1\jt\project\透镜项目\code\qtdemoimagescale\ui\generatedfiles\debug\moc_mainwidget.cpp
d:\alpha\a1\jt\project\透镜项目\code\qtdemoimagescale\ui\generatedfiles\debug\moc_imagecoordinatecalculate.cpp
d:\alpha\a0\编程\qt\qtdemoimagescale\ui\generatedfiles\ui_mainwidget.h
d:\alpha\a0\编程\qt\qtdemoimagescale\ui\generatedfiles\qrc_mainwidget.cpp
d:\alpha\a0\编程\qt\qtdemoimagescale\ui\generatedfiles\debug\moc_imagecoordinatecalculate.cpp
d:\alpha\a0\编程\qt\qtdemoimagescale\ui\generatedfiles\debug\moc_mainwidget.cpp
d:\alpha\a0\编程\qt\qtdemoimagescale\ui\.\generatedfiles\ui_mainwidget.h
d:\alpha\a0\编程\qt\qtdemoimagescale\ui\x64\debug\ui.tlog\cl.command.1.tlog
d:\alpha\a0\编程\qt\qtdemoimagescale\ui\x64\debug\ui.tlog\cl.read.1.tlog
d:\alpha\a0\编程\qt\qtdemoimagescale\ui\x64\debug\ui.tlog\cl.write.1.tlog
d:\alpha\a0\编程\qt\qtdemoimagescale\ui\x64\debug\ui.tlog\link.command.1.tlog
d:\alpha\a0\编程\qt\qtdemoimagescale\ui\x64\debug\ui.tlog\link.read.1.tlog
d:\alpha\a0\编程\qt\qtdemoimagescale\ui\x64\debug\ui.tlog\link.write.1.tlog
d:\alpha\a0\编程\qt\qtdemoimagescale\ui\x64\debug\ui.tlog\moc.read.1u.tlog
d:\alpha\a0\编程\qt\qtdemoimagescale\ui\x64\debug\ui.tlog\moc.write.1u.tlog
d:\alpha\a0\编程\qt\qtdemoimagescale\ui\x64\debug\ui.tlog\rcc.read.1u.tlog
d:\alpha\a0\编程\qt\qtdemoimagescale\ui\x64\debug\ui.tlog\rcc.write.1u.tlog
d:\alpha\a0\编程\qt\qtdemoimagescale\ui\x64\debug\ui.tlog\ui.write.1u.tlog
d:\alpha\a0\编程\qt\qtdemoimagescale\ui\x64\debug\ui.tlog\uic.read.1u.tlog
d:\alpha\a0\编程\qt\qtdemoimagescale\ui\x64\debug\ui.tlog\uic.write.1u.tlog
