d:\alpha\a1\alpha\project\alphaqtdemo\code\alphaqtutil\x64\debug\connectionpool.obj
d:\alpha\a1\alpha\project\alphaqtdemo\code\alphaqtutil\x64\debug\json.obj
d:\alpha\a1\alpha\project\alphaqtdemo\code\alphaqtutil\x64\debug\dbutil.obj
d:\alpha\a1\alpha\project\alphaqtdemo\code\alphaqtutil\x64\debug\config.obj
d:\alpha\a1\alpha\project\alphaqtdemo\code\alphaqtutil\x64\debug\sqls.obj
d:\alpha\a1\alpha\project\alphaqtdemo\code\alphaqtutil\x64\debug\vc140.pdb
d:\alpha\a1\alpha\project\alphaqtdemo\x64\debug\alphaqtutil.ilk
d:\alpha\a1\alpha\project\alphaqtdemo\x64\debug\alphaqtutil.dll
d:\alpha\a1\alpha\project\alphaqtdemo\x64\debug\alphaqtutil.pdb
d:\alpha\a0\编程\qt\alphaqtdemo\src\alphaqtutiltemp\x64\debug\config.obj
d:\alpha\a0\编程\qt\alphaqtdemo\src\alphaqtutiltemp\x64\debug\connectionpool.obj
d:\alpha\a0\编程\qt\alphaqtdemo\src\alphaqtutiltemp\x64\debug\dbutil.obj
d:\alpha\a0\编程\qt\alphaqtdemo\src\alphaqtutiltemp\x64\debug\json.obj
d:\alpha\a0\编程\qt\alphaqtdemo\src\alphaqtutiltemp\x64\debug\sqls.obj
d:\alpha\a0\编程\qt\alphaqtdemo\src\alphaqtutiltemp\x64\debug\vc140.pdb
d:\alpha\a0\编程\qt\alphaqtdemo\src\alphaqtutiltemp\x64\debug\alphaqtutil.tlog\cl.command.1.tlog
d:\alpha\a0\编程\qt\alphaqtdemo\src\alphaqtutiltemp\x64\debug\alphaqtutil.tlog\cl.read.1.tlog
d:\alpha\a0\编程\qt\alphaqtdemo\src\alphaqtutiltemp\x64\debug\alphaqtutil.tlog\cl.write.1.tlog
d:\alpha\a0\编程\qt\alphaqtdemo\src\alphaqtutiltemp\x64\debug\alphaqtutil.tlog\link.command.1.tlog
d:\alpha\a0\编程\qt\alphaqtdemo\src\alphaqtutiltemp\x64\debug\alphaqtutil.tlog\link.read.1.tlog
d:\alpha\a0\编程\qt\alphaqtdemo\src\alphaqtutiltemp\x64\debug\alphaqtutil.tlog\link.write.1.tlog
