d:\alpha\a1\alpha\project\alphaqtdemo\code\databasedemo\x64\release\main.obj
d:\alpha\a1\alpha\project\alphaqtdemo\code\databasedemo\x64\release\moc_databasedemo02widget.obj
d:\alpha\a1\alpha\project\alphaqtdemo\code\databasedemo\x64\release\databasedemo01widget.obj
d:\alpha\a1\alpha\project\alphaqtdemo\code\databasedemo\x64\release\moc_commondatastruct.obj
d:\alpha\a1\alpha\project\alphaqtdemo\code\databasedemo\x64\release\moc_databasedemo01widget.obj
d:\alpha\a1\alpha\project\alphaqtdemo\code\databasedemo\x64\release\databasedemo01adddetectlogwidget.obj
d:\alpha\a1\alpha\project\alphaqtdemo\code\databasedemo\x64\release\moc_producttypedao.obj
d:\alpha\a1\alpha\project\alphaqtdemo\code\databasedemo\x64\release\commondatastruct.obj
d:\alpha\a1\alpha\project\alphaqtdemo\code\databasedemo\x64\release\moc_databaseaccessmanager.obj
d:\alpha\a1\alpha\project\alphaqtdemo\code\databasedemo\x64\release\databasedemo01addproducttypewidget.obj
d:\alpha\a1\alpha\project\alphaqtdemo\code\databasedemo\x64\release\databaseaccessmanager.obj
d:\alpha\a1\alpha\project\alphaqtdemo\code\databasedemo\x64\release\moc_databasedemo01adddetectlogwidget.obj
d:\alpha\a1\alpha\project\alphaqtdemo\code\databasedemo\x64\release\moc_databasedemowidget.obj
d:\alpha\a1\alpha\project\alphaqtdemo\code\databasedemo\x64\release\databasedemowidget.obj
d:\alpha\a1\alpha\project\alphaqtdemo\code\databasedemo\x64\release\qrc_databasedemowidget.obj
d:\alpha\a1\alpha\project\alphaqtdemo\code\databasedemo\x64\release\moc_databasedemo01addproducttypewidget.obj
d:\alpha\a1\alpha\project\alphaqtdemo\code\databasedemo\x64\release\uic\ui_databasedemo01adddetectlogwidget.h
d:\alpha\a1\alpha\project\alphaqtdemo\code\databasedemo\x64\release\uic\ui_databasedemo01addproducttypewidget.h
d:\alpha\a1\alpha\project\alphaqtdemo\code\databasedemo\x64\release\uic\ui_databasedemo01widget.h
d:\alpha\a1\alpha\project\alphaqtdemo\code\databasedemo\x64\release\uic\ui_databasedemo02widget.h
d:\alpha\a1\alpha\project\alphaqtdemo\code\databasedemo\x64\release\uic\ui_databasedemowidget.h
d:\alpha\a1\alpha\project\alphaqtdemo\code\databasedemo\x64\release\rcc\qrc_databasedemowidget.cpp
d:\alpha\a1\alpha\project\alphaqtdemo\code\databasedemo\x64\release\moc\moc_databasedemowidget.cpp
d:\alpha\a1\alpha\project\alphaqtdemo\code\databasedemo\x64\release\moc\moc_databasedemo01widget.cpp
d:\alpha\a1\alpha\project\alphaqtdemo\code\databasedemo\x64\release\moc\moc_databasedemo01addproducttypewidget.cpp
d:\alpha\a1\alpha\project\alphaqtdemo\code\databasedemo\x64\release\moc\moc_commondatastruct.cpp
d:\alpha\a1\alpha\project\alphaqtdemo\code\databasedemo\x64\release\moc\moc_databasedemo01adddetectlogwidget.cpp
d:\alpha\a1\alpha\project\alphaqtdemo\code\databasedemo\x64\release\moc\moc_databaseaccessmanager.cpp
d:\alpha\a1\alpha\project\alphaqtdemo\code\databasedemo\x64\release\moc\moc_databasedemo02widget.cpp
d:\alpha\a1\alpha\project\alphaqtdemo\code\databasedemo\x64\release\moc\moc_producttypedao.cpp
d:\alpha\a1\alpha\project\alphaqtdemo\code\databasedemo\x64\release\\moc\moc_databasedemowidget.cpp
d:\alpha\a1\alpha\project\alphaqtdemo\code\databasedemo\x64\release\\moc\moc_databasedemo01widget.cpp
d:\alpha\a1\alpha\project\alphaqtdemo\code\databasedemo\x64\release\\moc\moc_databasedemo01addproducttypewidget.cpp
d:\alpha\a1\alpha\project\alphaqtdemo\code\databasedemo\x64\release\\moc\moc_commondatastruct.cpp
d:\alpha\a1\alpha\project\alphaqtdemo\code\databasedemo\x64\release\\moc\moc_databasedemo01adddetectlogwidget.cpp
d:\alpha\a1\alpha\project\alphaqtdemo\code\databasedemo\x64\release\\moc\moc_databaseaccessmanager.cpp
d:\alpha\a1\alpha\project\alphaqtdemo\code\databasedemo\x64\release\\moc\moc_databasedemo02widget.cpp
d:\alpha\a1\alpha\project\alphaqtdemo\code\databasedemo\x64\release\\moc\moc_producttypedao.cpp
d:\alpha\a1\alpha\project\alphaqtdemo\code\databasedemo\x64\release\\rcc\qrc_databasedemowidget.cpp
d:\alpha\a1\alpha\project\alphaqtdemo\code\databasedemo\x64\release\\uic\ui_databasedemo01adddetectlogwidget.h
d:\alpha\a1\alpha\project\alphaqtdemo\code\databasedemo\x64\release\\uic\ui_databasedemo01addproducttypewidget.h
d:\alpha\a1\alpha\project\alphaqtdemo\code\databasedemo\x64\release\\uic\ui_databasedemo01widget.h
d:\alpha\a1\alpha\project\alphaqtdemo\code\databasedemo\x64\release\\uic\ui_databasedemo02widget.h
d:\alpha\a1\alpha\project\alphaqtdemo\code\databasedemo\x64\release\\uic\ui_databasedemowidget.h
d:\alpha\a1\alpha\project\alphaqtdemo\code\databasedemo\x64\release\databasedemo.tlog\cl.command.1.tlog
d:\alpha\a1\alpha\project\alphaqtdemo\code\databasedemo\x64\release\databasedemo.tlog\cl.read.1.tlog
d:\alpha\a1\alpha\project\alphaqtdemo\code\databasedemo\x64\release\databasedemo.tlog\cl.write.1.tlog
d:\alpha\a1\alpha\project\alphaqtdemo\code\databasedemo\x64\release\databasedemo.tlog\databasedemo.write.1u.tlog
d:\alpha\a1\alpha\project\alphaqtdemo\code\databasedemo\x64\release\databasedemo.tlog\moc.read.1u.tlog
d:\alpha\a1\alpha\project\alphaqtdemo\code\databasedemo\x64\release\databasedemo.tlog\moc.write.1u.tlog
d:\alpha\a1\alpha\project\alphaqtdemo\code\databasedemo\x64\release\databasedemo.tlog\rcc.read.1u.tlog
d:\alpha\a1\alpha\project\alphaqtdemo\code\databasedemo\x64\release\databasedemo.tlog\rcc.write.1u.tlog
d:\alpha\a1\alpha\project\alphaqtdemo\code\databasedemo\x64\release\databasedemo.tlog\uic.read.1u.tlog
d:\alpha\a1\alpha\project\alphaqtdemo\code\databasedemo\x64\release\databasedemo.tlog\uic.write.1u.tlog
