  Reading Qt configuration (C:\AlphaProgram\Qt\Qt5.9.0\5.9\msvc2015_64\bin\qmake.exe)
  moc DatabaseDemoWidget.h
  moc DatabaseDemo01Widget.h
  moc DatabaseDemo01AddProductTypeWidget.h
  moc CommonDataStruct.h
  moc DatabaseDemo01AddDetectLogWidget.h
  moc DatabaseAccessManager.h
  moc DatabaseDemo02Widget.h
  moc ProductTypeDao.h
  CommonDataStruct.cpp
  DatabaseAccessManager.cpp
  DatabaseDemo01AddDetectLogWidget.cpp
  DatabaseDemo01AddProductTypeWidget.cpp
  DatabaseDemo01Widget.cpp
  DatabaseDemo02Widget.cpp
  DatabaseDemoWidget.cpp
  main.cpp
  ProductTypeDao.cpp
  qrc_DatabaseDemoWidget.cpp
  moc_DatabaseDemoWidget.cpp
  moc_DatabaseDemo01Widget.cpp
  moc_DatabaseDemo01AddProductTypeWidget.cpp
D:\Alpha\a1\alpha\project\AlphaQtDemo\code\AlphaQtUtil\DBUtil.h : warning C4819: 该文件包含不能在当前代码页(936)中表示的字符。请将该文件保存为 Unicode 格式以防止数据丢失 (编译源文件 ProductTypeDao.cpp)
  moc_CommonDataStruct.cpp
  moc_DatabaseDemo01AddDetectLogWidget.cpp
D:\Alpha\a1\alpha\project\AlphaQtDemo\code\AlphaQtUtil\DBUtil.h : warning C4819: 该文件包含不能在当前代码页(936)中表示的字符。请将该文件保存为 Unicode 格式以防止数据丢失 (编译源文件 DatabaseDemo02Widget.cpp)
  moc_DatabaseAccessManager.cpp
  moc_DatabaseDemo02Widget.cpp
  moc_ProductTypeDao.cpp
LINK : fatal error LNK1181: 无法打开输入文件“AlphaQtUtil.lib”
