d:\alpha\a1\alpha\project\alphaqtdemo\code\chartdemo\x64\release\uic\ui_chartdemowidget.h
d:\alpha\a1\alpha\project\alphaqtdemo\code\chartdemo\x64\release\rcc\qrc_chartdemowidget.cpp
d:\alpha\a1\alpha\project\alphaqtdemo\code\chartdemo\x64\release\moc\moc_chartdemowidget.cpp
d:\alpha\a1\alpha\project\alphaqtdemo\code\chartdemo\x64\release\uic\ui_chartdemo01widget.h
d:\alpha\a1\alpha\project\alphaqtdemo\code\chartdemo\x64\release\uic\ui_chartdemo02widget.h
d:\alpha\a1\alpha\project\alphaqtdemo\code\chartdemo\x64\release\moc\moc_chartdemo01widget.cpp
d:\alpha\a1\alpha\project\alphaqtdemo\code\chartdemo\x64\release\moc\moc_chartdemo02widget.cpp
d:\alpha\a1\alpha\project\alphaqtdemo\code\chartdemo\x64\release\moc_chartdemo01widget.obj
d:\alpha\a1\alpha\project\alphaqtdemo\code\chartdemo\x64\release\main.obj
d:\alpha\a1\alpha\project\alphaqtdemo\code\chartdemo\x64\release\qrc_chartdemowidget.obj
d:\alpha\a1\alpha\project\alphaqtdemo\code\chartdemo\x64\release\moc_chartdemo02widget.obj
d:\alpha\a1\alpha\project\alphaqtdemo\code\chartdemo\x64\release\chartdemo01widget.obj
d:\alpha\a1\alpha\project\alphaqtdemo\code\chartdemo\x64\release\chartdemowidget.obj
d:\alpha\a1\alpha\project\alphaqtdemo\code\chartdemo\x64\release\chartdemo02widget.obj
d:\alpha\a1\alpha\project\alphaqtdemo\code\chartdemo\x64\release\moc_chartdemowidget.obj
d:\alpha\a1\alpha\project\alphaqtdemo\x64\release\chartdemo.exe
d:\alpha\a1\alpha\project\alphaqtdemo\code\chartdemo\x64\release\\moc\moc_chartdemowidget.cpp
d:\alpha\a1\alpha\project\alphaqtdemo\code\chartdemo\x64\release\\moc\moc_chartdemo01widget.cpp
d:\alpha\a1\alpha\project\alphaqtdemo\code\chartdemo\x64\release\\moc\moc_chartdemo02widget.cpp
d:\alpha\a1\alpha\project\alphaqtdemo\code\chartdemo\x64\release\\rcc\qrc_chartdemowidget.cpp
d:\alpha\a1\alpha\project\alphaqtdemo\code\chartdemo\x64\release\\uic\ui_chartdemowidget.h
d:\alpha\a1\alpha\project\alphaqtdemo\code\chartdemo\x64\release\\uic\ui_chartdemo01widget.h
d:\alpha\a1\alpha\project\alphaqtdemo\code\chartdemo\x64\release\\uic\ui_chartdemo02widget.h
d:\alpha\a1\alpha\project\alphaqtdemo\code\chartdemo\x64\release\chartdemo.tlog\chartdemo.write.1u.tlog
d:\alpha\a1\alpha\project\alphaqtdemo\code\chartdemo\x64\release\chartdemo.tlog\cl.command.1.tlog
d:\alpha\a1\alpha\project\alphaqtdemo\code\chartdemo\x64\release\chartdemo.tlog\cl.read.1.tlog
d:\alpha\a1\alpha\project\alphaqtdemo\code\chartdemo\x64\release\chartdemo.tlog\cl.write.1.tlog
d:\alpha\a1\alpha\project\alphaqtdemo\code\chartdemo\x64\release\chartdemo.tlog\link.command.1.tlog
d:\alpha\a1\alpha\project\alphaqtdemo\code\chartdemo\x64\release\chartdemo.tlog\link.read.1.tlog
d:\alpha\a1\alpha\project\alphaqtdemo\code\chartdemo\x64\release\chartdemo.tlog\link.write.1.tlog
d:\alpha\a1\alpha\project\alphaqtdemo\code\chartdemo\x64\release\chartdemo.tlog\moc.read.1u.tlog
d:\alpha\a1\alpha\project\alphaqtdemo\code\chartdemo\x64\release\chartdemo.tlog\moc.write.1u.tlog
d:\alpha\a1\alpha\project\alphaqtdemo\code\chartdemo\x64\release\chartdemo.tlog\rcc.read.1u.tlog
d:\alpha\a1\alpha\project\alphaqtdemo\code\chartdemo\x64\release\chartdemo.tlog\rcc.write.1u.tlog
d:\alpha\a1\alpha\project\alphaqtdemo\code\chartdemo\x64\release\chartdemo.tlog\uic.read.1u.tlog
d:\alpha\a1\alpha\project\alphaqtdemo\code\chartdemo\x64\release\chartdemo.tlog\uic.write.1u.tlog
