d:\alpha\a1\alpha\project\alphaqtdemo\code\qthreaddemo\x64\release\qrc_qthreaddemo.obj
d:\alpha\a1\alpha\project\alphaqtdemo\code\qthreaddemo\x64\release\moc_alphathread1.obj
d:\alpha\a1\alpha\project\alphaqtdemo\code\qthreaddemo\x64\release\alphathread0.obj
d:\alpha\a1\alpha\project\alphaqtdemo\code\qthreaddemo\x64\release\alphathread1.obj
d:\alpha\a1\alpha\project\alphaqtdemo\code\qthreaddemo\x64\release\mainwidget.obj
d:\alpha\a1\alpha\project\alphaqtdemo\code\qthreaddemo\x64\release\moc_alphathread0.obj
d:\alpha\a1\alpha\project\alphaqtdemo\code\qthreaddemo\x64\release\moc_threaddemo0.obj
d:\alpha\a1\alpha\project\alphaqtdemo\code\qthreaddemo\x64\release\moc_mainwidget.obj
d:\alpha\a1\alpha\project\alphaqtdemo\code\qthreaddemo\x64\release\main.obj
d:\alpha\a1\alpha\project\alphaqtdemo\code\qthreaddemo\x64\release\threaddemo0.obj
d:\alpha\a1\alpha\project\alphaqtdemo\x64\release\qthreaddemo.exe
d:\alpha\a1\alpha\project\alphaqtdemo\code\qthreaddemo\x64\release\\moc\moc_alphathread0.cpp
d:\alpha\a1\alpha\project\alphaqtdemo\code\qthreaddemo\x64\release\\moc\moc_mainwidget.cpp
d:\alpha\a1\alpha\project\alphaqtdemo\code\qthreaddemo\x64\release\\moc\moc_alphathread1.cpp
d:\alpha\a1\alpha\project\alphaqtdemo\code\qthreaddemo\x64\release\\moc\moc_threaddemo0.cpp
d:\alpha\a1\alpha\project\alphaqtdemo\code\qthreaddemo\x64\release\uic\ui_mainwidget.h
d:\alpha\a1\alpha\project\alphaqtdemo\code\qthreaddemo\x64\release\uic\ui_threaddemo0.h
d:\alpha\a1\alpha\project\alphaqtdemo\code\qthreaddemo\x64\release\rcc\qrc_qthreaddemo.cpp
d:\alpha\a1\alpha\project\alphaqtdemo\code\qthreaddemo\x64\release\moc\moc_alphathread0.cpp
d:\alpha\a1\alpha\project\alphaqtdemo\code\qthreaddemo\x64\release\moc\moc_mainwidget.cpp
d:\alpha\a1\alpha\project\alphaqtdemo\code\qthreaddemo\x64\release\moc\moc_alphathread1.cpp
d:\alpha\a1\alpha\project\alphaqtdemo\code\qthreaddemo\x64\release\moc\moc_threaddemo0.cpp
d:\alpha\a1\alpha\project\alphaqtdemo\code\qthreaddemo\x64\release\\rcc\qrc_qthreaddemo.cpp
d:\alpha\a1\alpha\project\alphaqtdemo\code\qthreaddemo\x64\release\\uic\ui_mainwidget.h
d:\alpha\a1\alpha\project\alphaqtdemo\code\qthreaddemo\x64\release\\uic\ui_threaddemo0.h
d:\alpha\a1\alpha\project\alphaqtdemo\code\qthreaddemo\x64\release\qthreaddemo.tlog\cl.command.1.tlog
d:\alpha\a1\alpha\project\alphaqtdemo\code\qthreaddemo\x64\release\qthreaddemo.tlog\cl.read.1.tlog
d:\alpha\a1\alpha\project\alphaqtdemo\code\qthreaddemo\x64\release\qthreaddemo.tlog\cl.write.1.tlog
d:\alpha\a1\alpha\project\alphaqtdemo\code\qthreaddemo\x64\release\qthreaddemo.tlog\link.command.1.tlog
d:\alpha\a1\alpha\project\alphaqtdemo\code\qthreaddemo\x64\release\qthreaddemo.tlog\link.read.1.tlog
d:\alpha\a1\alpha\project\alphaqtdemo\code\qthreaddemo\x64\release\qthreaddemo.tlog\link.write.1.tlog
d:\alpha\a1\alpha\project\alphaqtdemo\code\qthreaddemo\x64\release\qthreaddemo.tlog\moc.read.1u.tlog
d:\alpha\a1\alpha\project\alphaqtdemo\code\qthreaddemo\x64\release\qthreaddemo.tlog\moc.write.1u.tlog
d:\alpha\a1\alpha\project\alphaqtdemo\code\qthreaddemo\x64\release\qthreaddemo.tlog\qthreaddemo.write.1u.tlog
d:\alpha\a1\alpha\project\alphaqtdemo\code\qthreaddemo\x64\release\qthreaddemo.tlog\rcc.read.1u.tlog
d:\alpha\a1\alpha\project\alphaqtdemo\code\qthreaddemo\x64\release\qthreaddemo.tlog\rcc.write.1u.tlog
d:\alpha\a1\alpha\project\alphaqtdemo\code\qthreaddemo\x64\release\qthreaddemo.tlog\uic.read.1u.tlog
d:\alpha\a1\alpha\project\alphaqtdemo\code\qthreaddemo\x64\release\qthreaddemo.tlog\uic.write.1u.tlog
