C:\Program Files (x86)\MSBuild\Microsoft.Cpp\v4.0\V140\Microsoft.CppBuild.targets(392,5): warning MSB8028: The intermediate directory (x64\Debug\) contains files shared from another project (DatabaseDemo.vcxproj).  This can lead to incorrect clean and rebuild behavior.
  Reading Qt configuration (C:\AlphaProgram\Qt\Qt5.9.0\5.9\msvc2015_64\bin\qmake.exe)
C:\Program Files (x86)\MSBuild\Microsoft.Cpp\v4.0\V140\Microsoft.CppBuild.targets(392,5): warning MSB8028: The intermediate directory (x64\Debug\) contains files shared from another project (DatabaseDemo.vcxproj).  This can lead to incorrect clean and rebuild behavior.
  uic DatabaseDemo01AddDetectLogWidget.ui
  uic DatabaseDemo01AddProductTypeWidget.ui
  uic DatabaseDemo01Widget.ui
  uic DatabaseDemo02Widget.ui
  uic DatabaseDemoWidget.ui
  rcc DatabaseDemoWidget.qrc
  moc DatabaseDemoWidget.h
  moc DatabaseDemo01Widget.h
  moc DatabaseDemo01AddProductTypeWidget.h
  moc CommonDataStruct.h
   RCC: Warning: No resources in 'D:\alpha\a0\缂栫▼\Qt\AlphaQtDemo\src\DatabaseDemoTemp\DatabaseDemoWidget.qrc'.
  moc DatabaseDemo01AddDetectLogWidget.h
  moc DatabaseAccessManager.h
  moc DatabaseDemo02Widget.h
  moc ProductTypeDao.h
  CommonDataStruct.cpp
  DatabaseAccessManager.cpp
  DatabaseDemo01AddDetectLogWidget.cpp
  DatabaseDemo01AddProductTypeWidget.cpp
  DatabaseDemo01Widget.cpp
  DatabaseDemo02Widget.cpp
  DatabaseDemoWidget.cpp
  main.cpp
  ProductTypeDao.cpp
DatabaseDemo02Widget.cpp(3): fatal error C1083: 无法打开包括文件: “DBUtil.h”: No such file or directory (编译源文件 DatabaseDemo02Widget.cpp)
ProductTypeDao.cpp(2): fatal error C1083: 无法打开包括文件: “DBUtil.h”: No such file or directory (编译源文件 ProductTypeDao.cpp)
